08:21:32: use users;
08:21:36: show tables;
08:21:44: select * from usernames;
08:32:08: select * from usernames where name = '/trev.*n$';
08:32:25: select * from usernames where user = '/trev.*n$';
08:32:45: select * from usernames where user = 'trevelyn';
08:38:25: use users;
08:38:27: select * from usernames where user =
08:38:34: select * from usernames where user = '/trev.*n$/';
08:38:58: select * from usernames where user = 'trevelyn';
08:39:28: use users;
08:39:35: select * from usernames where user = 'trevelyn';
08:40:06: use users;
08:40:08: select * from usernames where user = 'trevelyn';
08:40:39: use users;
08:40:41: select * from usernames where user = 'trevelyn';
08:40:57: select * from usernames where user = '/tre.*n$/';
08:45:17: lol
08:45:23: show tables;
08:45:27: use users;
08:45:30: show tables;
08:45:33: quit
08:47:51: use users;
08:47:53: show tables;
08:48:04: descrivbe ip_addr[d[d[d[d[d[d[d[d[d[[c[c[c[c[c[c[c[c[c[c[c[c[c[c[c[c[c
08:48:13: describe ipaddr;
08:50:30: use users;
08:50:32: show tables;
09:28:22: select * from ipaddr;
09:29:19: use users;
09:29:23: show tables;
09:29:32: select * from ipaddr;
09:45:31: use users;
09:45:38: select * from ipaddr;
10:43:49: use users;
10:43:52: show tables;
10:43:58: describe ipaddr;
10:46:28: use users;
10:46:31: show tables;
10:46:38: describe ipaddr;
10:46:51: quit
10:53:41: use users;
10:53:48: describe ipaddr;
13:14:58: use users;
13:15:01: show tables;
13:15:07: describe ip_addr;
13:15:22: describe ipaddr;
13:16:34: use users;
13:16:42: show tables;
13:16:49: describe ipaddr;
13:21:52: use users;
13:21:55: show tables;
13:21:59: describe usernames;
13:23:35: use users;
13:23:39: describe usernames;
13:23:56: use users;
13:24:02: describe usernames;
13:26:14: use users;
13:26:20: describe usernames;
13:29:08: use users;
13:29:12: describe usernames;
13:31:04: use users;
13:31:09: describe usernames;
13:46:49: use users;
13:46:56: show tables;
13:47:01: truncate usernames;
13:51:55: use users;
13:51:57: show tables;
13:52:03: truncate ipaddr;
13:52:42: use users;
13:52:50: truncate usernames;
13:54:27: use users;
13:54:31: truncate lolhi;
13:54:36: truncate usernames;
13:55:20: use users;
13:55:24: truncate usernames;
13:55:49: use users;
13:55:54: truncate usernames;
13:56:37: use users;
13:56:43: truncate usernames;
13:57:35: use users;
13:57:43: truncate usernames;
13:57:48: truncate ipaddr;
13:57:56: show tables;
13:58:02: truncate ipaddr;
13:59:37: use users;
13:59:40: show tbales;
13:59:44: show tables;
13:59:48: truncate usernames;
14:02:44: use users;
14:02:50: truncate usernames;
14:03:14: use users;
14:03:18: truncate usernames;
14:05:24: use users;
14:05:27: truncate usernames;
14:06:02: use users;
14:06:07: truncate usernames;
14:07:43: use users;
14:07:48: truncate usernames;
14:08:18: use users;
14:08:30: use users;
14:08:36: truncate usernames;
14:09:06: use users;
14:09:10: truncate usernames;
14:09:16: truncate ipaddr;
14:13:16: use users;
14:13:18: show tables;
14:13:23: truncat ipaddr;
14:13:33: truncate ipaddr;
14:15:17: use users;
14:15:20: show tables;
14:15:28: select * fom ipaddr;
14:15:38: select * from ipaddr;
14:15:44: truncate ipaddr;
14:15:53: decribe ipaddr;
14:15:57: describe ipaddr;
14:16:04: select * from ipaddr;
14:27:24: help
14:29:49: help
14:30:04: help
14:30:40: help
14:31:02: help
14:31:19: help
14:43:20: use users;
14:43:24: clone table usernames;
14:43:53: clone table usernames as usernames2;
14:51:32: use users;
14:51:36: clone usernames;
14:51:38: [a
14:51:53: clone table usernames as usernames2;
14:52:41: use users;
14:52:50: clone table usernames as usernames2;
15:09:36: use users;
15:09:51: clone table usernames as usernames2;
15:12:28: use users;
15:12:33: clone table usernames as usernames2;
15:12:43: show tables;
15:13:32: use users;
15:13:33: clone table usernames as usernames2;
15:13:58: use users;
15:14:00: clone table usernames as usernames2;
15:14:03: show tables;
15:14:09: select * from usernames2;
15:16:05: clone table usernames as usernames;
15:16:11: use users;
15:16:13: clone table usernames as usernames;
15:16:43: use users;
15:16:46: show tables;
15:16:59: elect * from usernames2;
15:17:04: select * from usernames2;
15:17:10: select name,email from usernames2;
15:17:15: truncate usernames2;
15:17:22: describe usernames2;
15:17:30: select * from usernames2;
15:21:32: use users;
15:21:59: clone database users users2;
15:22:06: clone database users users2;
15:22:47: clone database users as users2;
15:22:52: use users2;
15:22:59: exit
15:24:24: use users;
15:24:33: clone database users as users2;
15:24:37: use users2;
15:24:45: show tables;
15:24:49: exit
15:32:35: drop table usernames;
15:32:39: use users;
15:32:43: drop table usernames;
20:44:42: help
20:49:28: clear;
20:49:35: use users;
20:49:52: clone db users as users_backup;
20:50:04: clone database users as users_backup;
20:50:09: use users_backup;
20:50:12: show tables;
20:50:36: drop db users;
20:50:40: use users;
20:50:46: show tables;
20:51:33: use users_backup;
20:51:46: clone database users as users_backup;
20:51:49: use users;
20:51:59: clone users as users_backup;
20:52:09: clone database users as users_backup;
20:52:12: exit
20:52:26: use users_backup;
20:52:35: drop database users;
20:52:41: exit;
20:53:50: use users;
20:53:52: show tables;
20:53:56: select * from ipaddr;
20:54:05: select * from usernames;
20:54:16: select * from ipaddr_backup;
20:55:45: clone database users as users_backup;
20:55:49: exit
20:56:05: use users_backup
20:56:11: use users_backup;
20:56:14: show tables;
20:56:22: describe usernames;
20:56:39: describe ipaddr;
21:01:35: drop dbase users;
21:01:44: exit
21:05:27: clone dbase users_backup as users;
21:05:40: clone database users_backup as users;
21:09:09: clone database users_backup as users;
21:09:12: use users;
21:09:15: show tables;
21:09:25: select * from ipaddr_backup;
22:38:20: use users_backup;
22:38:23: show tables;
22:38:28: describe ipaddr;
22:38:52: alter table ipaddr add timestamp varchar(20);
22:39:03: [a[b[b
22:39:15: alter table ip_addr add timestamp varchar(20);
22:40:34: alter table ip_addr add timestamp varchar(20);
22:40:42: use users_backup;
22:40:44: alter table ip_addr add timestamp varchar(20);
22:42:03: use users_backup;
22:42:05: alter table ip_addr add timestamp varchar(20);
22:43:04: use users;
22:43:05: alter table ip_addr add timestamp varchar(20);
22:43:31: use users;
22:43:32: alter table ip_addr add timestamp varchar(20);
22:44:01: use users;
22:44:02: alter table ip_addr add timestamp varchar(20);
22:44:15: use users;
22:44:16: alter table ip_addr add timestamp varchar(20);
22:45:33: use users;
22:45:33: alter table ip_addr add timestamp varchar(20);
22:46:33: use users;
22:46:37: alter table ip_addr add timestamp varchar(20) last;
22:47:13: use users;
22:47:22: alter table ip_addr add timestamp varchar(20) last;
22:47:47: use users;
22:47:48: alter table ip_addr add timestamp varchar(20) last;
22:48:16: use users;
22:48:18: alter table ip_addr add timestamp varchar(20) last;
22:48:38: use users_backup;
22:48:40: alter table ip_addr add timestamp varchar(20) last;
22:48:45: show tables;
22:49:02: alter table ipaddr add timestamp varchar(20) last;
22:49:11: select * from ipaddr;
22:49:24: describe table ipaddr;
22:51:07: use users_backup;
22:51:11: alter table ip_addr add timestamp varchar(20) last;
22:51:22: alter table ipaddr add timestamp varchar(20) last;
22:51:37: describe ipaddr;
22:52:10: use users_backup;
22:52:12: show tables;
22:52:19: select * from ipaddr_backup;
22:53:07: use users;
22:53:10: alter table ipaddr add timestamp varchar(20) last;
22:54:52: use users;
22:54:55: alter table ipaddr add timestamp varchar(20) last;
22:58:32: use users_backup;
22:58:36: show tables;
22:58:41: describe ipaddr;
22:58:45: alter table ipaddr add timestamp varchar(20) last;
22:58:51: describe ipaddr;
23:00:59: use users_backup;
23:01:01: show tables;
23:01:06: describe ipaddr;
23:02:30: use users_backup;
23:02:34: show tables;
23:02:37: describe ipaddr;
23:02:40: alter table ipaddr add timestamp varchar(20) last;
23:03:42: use users_backup;
23:03:43: alter table ipaddr add timestamp varchar(20) last;
23:04:46: use users_backup;
23:04:49: show tables;
23:04:55: describe ipaddr;
23:04:58: alter table ipaddr add timestamp varchar(20) last;
23:05:03: describe ipaddr;
23:05:59: exit
23:06:05: use users_backup;
23:06:08: alter table ipaddr add timestamp varchar(20) last;
23:06:59: use users_backup;
23:07:01: alter table ipaddr add timestamp varchar(20) last;
23:07:34: use users_backup;
23:07:38: show tables;
23:07:46: describe ipaddr;
23:07:49: alter table ipaddr add timestamp varchar(20) last;
23:07:54: describe ipaddr;
23:09:09: use users;
23:09:15: drop database users_backup;
23:09:25: clone database users as test;
23:09:28: use test;
23:11:15: clone database users_backup as users;
23:11:19: use users;
23:11:23: show tables;
23:11:29: describe ipaddr;
23:11:35: drop table ipaddr;
23:11:39: show tables;
23:11:53: clone table ipaddr_backup as ipaddr;
23:11:55: show tables;
23:12:04: dsecribe ipaddr;
23:12:09: describe table ipaddr;
23:12:15: select * from ipaddr;
23:12:35: alter table ipaddr add timestamp varchar(20) last;
23:12:40: describe ipaddr;
23:19:51: use users;
23:19:54: show tables;
23:19:58: describe ipaddr;
23:20:04: drop table ipaddr;
23:20:06: show tables;
23:20:13: select * from ipaddr_backup;
23:20:28: clone table ipaddr_backup as ipaddr;
23:20:34: select * from ipaddr;
23:20:39: alter table ipaddr add timestamp varchar(20) last;
23:20:43: describe ipaddr;
23:20:47: select * from ipaddr;
23:23:41: use users;
23:23:44: show tables;
23:23:48: drop table ipaddr;
23:23:56: clone ipaddr_backup as ipaddr;
23:23:58: show tables;
23:24:12: clon ipaddr_backup as ipaddr;
23:24:20: clone ipaddr_backup as ipaddr;
23:24:54: clone table ipaddr_backup as ipaddr;
23:24:59: show tables;l
23:25:01: show tables;
23:25:08: select * from ipaddr;
23:25:12: alter table ipaddr add timestamp varchar(20) last;
23:25:19: select * from ipaddr;
23:25:29: describe ipaddr;
23:28:49: use users;
23:28:51: alter table ipaddr add timestamp varchar(20) last;
23:28:57: select * from ipaddr;
23:29:44: us eusers;
23:29:46: use users;
23:29:47: alter table ipaddr add timestamp varchar(20) last;
23:31:51: use users;
23:32:03: alter table ipaddr add timestamp varchar(20) last;
23:34:00: use users;
23:34:01: alter table ipaddr add timestamp varchar(20) last;
23:34:25: use users;
23:34:26: alter table ipaddr add timestamp varchar(20) last;
23:35:24: use users;
23:35:25: alter table ipaddr add timestamp varchar(20) last;
23:37:20: use users;
23:37:23: alter table ipaddr add timestamp varchar(20) last;
23:38:23: use users;
23:38:24: alter table ipaddr add timestamp varchar(20) last;
23:38:32: select * from ipaddrs;
23:38:37: select * from ipaddr;
23:44:12: describe ipaddr;
23:53:24: use users;
23:53:28: select * from ipaddr;
23:54:24: use users;
23:54:25: $record[$rechash{$_}]
23:54:31: select * from ipaddr;
23:55:35: use users;
23:55:40: select * from ipaddr;
23:55:59: describe ipaddr;
23:58:26: use users;
23:58:36: select * from ipaddr;
